<?xml version="1.0" encoding="UTF-8"?>
<!-- Generated by org.testng.reporters.JUnitXMLReporter -->
<testsuite ignored="23" hostname="VERITY-98" failures="1" tests="1" name="Default test" time="131.648" errors="0" timestamp="06 may. 2021 21:08:21 GMT">
  <testcase classname="test.Tests_MiPortal" name="Script_0752" time="117.54">
    <failure type="org.openqa.selenium.NoSuchElementException" message="no such element: Unable to locate element: {&amp;quot;method&amp;quot;:&amp;quot;xpath&amp;quot;,&amp;quot;selector&amp;quot;:&amp;quot;//*[@id=&amp;quot;modal&amp;quot;]/div/div&amp;quot;}
  (Session info: chrome=90.0.4430.93)
For documentation on this error, please visit: http://seleniumhq.org/exceptions/no_such_element.html
Build info: version: &amp;apos;3.11.0&amp;apos;, revision: &amp;apos;e59cfb3&amp;apos;, time: &amp;apos;2018-03-11T20:26:55.152Z&amp;apos;
System info: host: &amp;apos;VERITY-98&amp;apos;, ip: &amp;apos;192.168.0.13&amp;apos;, os.name: &amp;apos;Windows 10&amp;apos;, os.arch: &amp;apos;amd64&amp;apos;, os.version: &amp;apos;10.0&amp;apos;, java.version: &amp;apos;15.0.2&amp;apos;
Driver info: org.openqa.selenium.chrome.ChromeDriver
Capabilities {acceptInsecureCerts: false, browserName: chrome, browserVersion: 90.0.4430.93, chrome: {chromedriverVersion: 90.0.4430.24 (4c6d850f087da..., userDataDir: C:\Users\estef\AppData\Loca...}, goog:chromeOptions: {debuggerAddress: localhost:50465}, javascriptEnabled: true, networkConnectionEnabled: false, pageLoadStrategy: normal, platform: WINDOWS, platformName: WINDOWS, proxy: Proxy(), setWindowRect: true, strictFileInteractability: false, timeouts: {implicit: 0, pageLoad: 300000, script: 30000}, unhandledPromptBehavior: dismiss and notify, webauthn:extension:largeBlob: true, webauthn:virtualAuthenticators: true}
Session ID: 80a0c3969b52eaab817bc76c41668c27
*** Element info: {Using=xpath, value=//*[@id=&amp;quot;modal&amp;quot;]/div/div}">
      <![CDATA[org.openqa.selenium.NoSuchElementException: no such element: Unable to locate element: {"method":"xpath","selector":"//*[@id="modal"]/div/div"}
  (Session info: chrome=90.0.4430.93)
For documentation on this error, please visit: http://seleniumhq.org/exceptions/no_such_element.html
Build info: version: '3.11.0', revision: 'e59cfb3', time: '2018-03-11T20:26:55.152Z'
System info: host: 'VERITY-98', ip: '192.168.0.13', os.name: 'Windows 10', os.arch: 'amd64', os.version: '10.0', java.version: '15.0.2'
Driver info: org.openqa.selenium.chrome.ChromeDriver
Capabilities {acceptInsecureCerts: false, browserName: chrome, browserVersion: 90.0.4430.93, chrome: {chromedriverVersion: 90.0.4430.24 (4c6d850f087da..., userDataDir: C:\Users\estef\AppData\Loca...}, goog:chromeOptions: {debuggerAddress: localhost:50465}, javascriptEnabled: true, networkConnectionEnabled: false, pageLoadStrategy: normal, platform: WINDOWS, platformName: WINDOWS, proxy: Proxy(), setWindowRect: true, strictFileInteractability: false, timeouts: {implicit: 0, pageLoad: 300000, script: 30000}, unhandledPromptBehavior: dismiss and notify, webauthn:extension:largeBlob: true, webauthn:virtualAuthenticators: true}
Session ID: 80a0c3969b52eaab817bc76c41668c27
*** Element info: {Using=xpath, value=//*[@id="modal"]/div/div}
at java.base/jdk.internal.reflect.NativeConstructorAccessorImpl.newInstance0(Native Method)
at java.base/jdk.internal.reflect.NativeConstructorAccessorImpl.newInstance(NativeConstructorAccessorImpl.java:64)
at java.base/jdk.internal.reflect.DelegatingConstructorAccessorImpl.newInstance(DelegatingConstructorAccessorImpl.java:45)
at java.base/java.lang.reflect.Constructor.newInstanceWithCaller(Constructor.java:500)
at java.base/java.lang.reflect.Constructor.newInstance(Constructor.java:481)
at org.openqa.selenium.remote.http.W3CHttpResponseCodec.createException(W3CHttpResponseCodec.java:187)
at org.openqa.selenium.remote.http.W3CHttpResponseCodec.decode(W3CHttpResponseCodec.java:122)
at org.openqa.selenium.remote.http.W3CHttpResponseCodec.decode(W3CHttpResponseCodec.java:49)
at org.openqa.selenium.remote.HttpCommandExecutor.execute(HttpCommandExecutor.java:158)
at org.openqa.selenium.remote.service.DriverCommandExecutor.execute(DriverCommandExecutor.java:83)
at org.openqa.selenium.remote.RemoteWebDriver.execute(RemoteWebDriver.java:545)
at org.openqa.selenium.remote.RemoteWebDriver.findElement(RemoteWebDriver.java:319)
at org.openqa.selenium.remote.RemoteWebDriver.findElementByXPath(RemoteWebDriver.java:421)
at org.openqa.selenium.By$ByXPath.findElement(By.java:361)
at org.openqa.selenium.remote.RemoteWebDriver.findElement(RemoteWebDriver.java:311)
at test.Tests_MiPortal.Script_0752(Tests_MiPortal.java:908)
at java.base/jdk.internal.reflect.NativeMethodAccessorImpl.invoke0(Native Method)
at java.base/jdk.internal.reflect.NativeMethodAccessorImpl.invoke(NativeMethodAccessorImpl.java:64)
at java.base/jdk.internal.reflect.DelegatingMethodAccessorImpl.invoke(DelegatingMethodAccessorImpl.java:43)
at java.base/java.lang.reflect.Method.invoke(Method.java:564)
at org.testng.internal.MethodInvocationHelper.invokeMethod(MethodInvocationHelper.java:124)
at org.testng.internal.Invoker.invokeMethod(Invoker.java:580)
at org.testng.internal.Invoker.invokeTestMethod(Invoker.java:716)
at org.testng.internal.Invoker.invokeTestMethods(Invoker.java:988)
at org.testng.internal.TestMethodWorker.invokeTestMethods(TestMethodWorker.java:125)
at org.testng.internal.TestMethodWorker.run(TestMethodWorker.java:109)
at org.testng.TestRunner.privateRun(TestRunner.java:648)
at org.testng.TestRunner.run(TestRunner.java:505)
at org.testng.SuiteRunner.runTest(SuiteRunner.java:455)
at org.testng.SuiteRunner.runSequentially(SuiteRunner.java:450)
at org.testng.SuiteRunner.privateRun(SuiteRunner.java:415)
at org.testng.SuiteRunner.run(SuiteRunner.java:364)
at org.testng.SuiteRunnerWorker.runSuite(SuiteRunnerWorker.java:52)
at org.testng.SuiteRunnerWorker.run(SuiteRunnerWorker.java:84)
at org.testng.TestNG.runSuitesSequentially(TestNG.java:1208)
at org.testng.TestNG.runSuitesLocally(TestNG.java:1137)
at org.testng.TestNG.runSuites(TestNG.java:1049)
at org.testng.TestNG.run(TestNG.java:1017)
at org.testng.remote.AbstractRemoteTestNG.run(AbstractRemoteTestNG.java:115)
at org.testng.remote.RemoteTestNG.initAndRun(RemoteTestNG.java:251)
at org.testng.remote.RemoteTestNG.main(RemoteTestNG.java:77)
]]>
    </failure>
  </testcase> <!-- Script_0752 -->
  <testcase classname="test.Tests_MiPortal" name="Script_0724" time="0.0">
    <ignored/>
  </testcase> <!-- Script_0724 -->
  <testcase classname="test.Tests_MiPortal" name="Script_0735" time="0.0">
    <ignored/>
  </testcase> <!-- Script_0735 -->
  <testcase classname="test.Tests_MiPortal" name="Script_0718" time="0.0">
    <ignored/>
  </testcase> <!-- Script_0718 -->
  <testcase classname="test.Tests_MiPortal" name="Script_0729" time="0.0">
    <ignored/>
  </testcase> <!-- Script_0729 -->
  <testcase classname="test.Tests_MiPortal" name="Script_0716" time="0.0">
    <ignored/>
  </testcase> <!-- Script_0716 -->
  <testcase classname="test.Tests_MiPortal" name="Script_0727" time="0.0">
    <ignored/>
  </testcase> <!-- Script_0727 -->
  <testcase classname="test.Tests_MiPortal" name="Script_0738" time="0.0">
    <ignored/>
  </testcase> <!-- Script_0738 -->
  <testcase classname="test.Tests_MiPortal" name="Script_0749" time="0.0">
    <ignored/>
  </testcase> <!-- Script_0749 -->
  <testcase classname="test.Tests_MiPortal" name="Script_0728" time="0.0">
    <ignored/>
  </testcase> <!-- Script_0728 -->
  <testcase classname="test.Tests_MiPortal" name="Script_0740" time="0.0">
    <ignored/>
  </testcase> <!-- Script_0740 -->
  <testcase classname="test.Tests_MiPortal" name="Script_0710" time="0.0">
    <ignored/>
  </testcase> <!-- Script_0710 -->
  <testcase classname="test.Tests_MiPortal" name="Script_0732" time="0.0">
    <ignored/>
  </testcase> <!-- Script_0732 -->
  <testcase classname="test.Tests_MiPortal" name="Script_0711" time="0.0">
    <ignored/>
  </testcase> <!-- Script_0711 -->
  <testcase classname="test.Tests_MiPortal" name="Script_0733" time="0.0">
    <ignored/>
  </testcase> <!-- Script_0733 -->
  <testcase classname="test.Tests_MiPortal" name="Script_0744" time="0.0">
    <ignored/>
  </testcase> <!-- Script_0744 -->
  <testcase classname="test.Tests_MiPortal" name="Script_0730" time="0.0">
    <ignored/>
  </testcase> <!-- Script_0730 -->
  <testcase classname="test.Tests_MiPortal" name="Script_0741" time="0.0">
    <ignored/>
  </testcase> <!-- Script_0741 -->
  <testcase classname="test.Tests_MiPortal" name="Script_0720" time="0.0">
    <ignored/>
  </testcase> <!-- Script_0720 -->
  <testcase classname="test.Tests_MiPortal" name="Script_0725" time="0.0">
    <ignored/>
  </testcase> <!-- Script_0725 -->
  <testcase classname="test.Tests_MiPortal" name="Script_0715" time="0.0">
    <ignored/>
  </testcase> <!-- Script_0715 -->
  <testcase classname="test.Tests_MiPortal" name="Script_0726" time="0.0">
    <ignored/>
  </testcase> <!-- Script_0726 -->
  <testcase classname="test.Tests_MiPortal" name="Script_0723" time="0.0">
    <ignored/>
  </testcase> <!-- Script_0723 -->
  <testcase classname="test.Tests_MiPortal" name="Script_0734" time="0.0">
    <ignored/>
  </testcase> <!-- Script_0734 -->
</testsuite> <!-- Default test -->
