<?xml version="1.0" encoding="UTF-8"?>
<!-- Generated by org.testng.reporters.JUnitReportReporter -->
<testsuite skipped="31" hostname="DESKTOP-LI3EA6Q" name="test.Test_Reporteria" tests="33" failures="0" timestamp="09 ago 2021 22:50:25 GMT" time="67.054" errors="1">
  <testcase name="Script_01269" time="5.941" classname="test.Test_Reporteria">
    <skipped/>
  </testcase> <!-- Script_01269 -->
  <testcase name="Script_01260" time="0.000" classname="test.Test_Reporteria">
    <skipped/>
  </testcase> <!-- Script_01260 -->
  <testcase name="Script_01270" time="0.000" classname="test.Test_Reporteria">
    <skipped/>
  </testcase> <!-- Script_01270 -->
  <testcase name="Script_01259" time="0.000" classname="test.Test_Reporteria">
    <skipped/>
  </testcase> <!-- Script_01259 -->
  <testcase name="Script_01266" time="0.000" classname="test.Test_Reporteria">
    <skipped/>
  </testcase> <!-- Script_01266 -->
  <testcase name="Script_01276" time="0.000" classname="test.Test_Reporteria">
    <skipped/>
  </testcase> <!-- Script_01276 -->
  <testcase name="Script_01280" time="0.000" classname="test.Test_Reporteria">
    <skipped/>
  </testcase> <!-- Script_01280 -->
  <testcase name="Script_01273" time="0.000" classname="test.Test_Reporteria">
    <skipped/>
  </testcase> <!-- Script_01273 -->
  <testcase name="Script_01254" time="60.932" classname="test.Test_Reporteria"/>
  <testcase name="Script_01278" time="0.000" classname="test.Test_Reporteria">
    <skipped/>
  </testcase> <!-- Script_01278 -->
  <testcase name="Script_01284" time="0.000" classname="test.Test_Reporteria">
    <skipped/>
  </testcase> <!-- Script_01284 -->
  <testcase name="Script_01282" time="0.000" classname="test.Test_Reporteria">
    <skipped/>
  </testcase> <!-- Script_01282 -->
  <testcase name="Script_01272" time="0.000" classname="test.Test_Reporteria">
    <skipped/>
  </testcase> <!-- Script_01272 -->
  <testcase name="Script_01262" time="0.000" classname="test.Test_Reporteria">
    <skipped/>
  </testcase> <!-- Script_01262 -->
  <testcase name="Script_01283" time="0.000" classname="test.Test_Reporteria">
    <skipped/>
  </testcase> <!-- Script_01283 -->
  <testcase name="Script_01255" time="0.000" classname="test.Test_Reporteria">
    <skipped/>
  </testcase> <!-- Script_01255 -->
  <testcase name="Script_01256" time="0.000" classname="test.Test_Reporteria">
    <skipped/>
  </testcase> <!-- Script_01256 -->
  <testcase name="Script_01257" time="0.000" classname="test.Test_Reporteria">
    <skipped/>
  </testcase> <!-- Script_01257 -->
  <testcase name="Script_01275" time="0.000" classname="test.Test_Reporteria">
    <skipped/>
  </testcase> <!-- Script_01275 -->
  <testcase name="FinEjecucion" time="0.181" classname="test.Test_Reporteria">
    <error type="org.openqa.selenium.NoSuchWindowException" message="no such window: target window already closed
from unknown error: web view not found
  (Session info: chrome=92.0.4515.131)
Build info: version: &#039;3.11.0&#039;, revision: &#039;e59cfb3&#039;, time: &#039;2018-03-11T20:26:55.152Z&#039;
System info: host: &#039;DESKTOP-LI3EA6Q&#039;, ip: &#039;172.16.8.159&#039;, os.name: &#039;Windows 10&#039;, os.arch: &#039;amd64&#039;, os.version: &#039;10.0&#039;, java.version: &#039;1.8.0_201&#039;
Driver info: org.openqa.selenium.chrome.ChromeDriver
Capabilities {acceptInsecureCerts: false, browserName: chrome, browserVersion: 92.0.4515.131, chrome: {chromedriverVersion: 92.0.4515.43 (8c61b7e2989f2..., userDataDir: C:\Users\VERITY~1\AppData\L...}, goog:chromeOptions: {debuggerAddress: localhost:51399}, javascriptEnabled: true, networkConnectionEnabled: false, pageLoadStrategy: normal, platform: WINDOWS, platformName: WINDOWS, proxy: Proxy(), setWindowRect: true, strictFileInteractability: false, timeouts: {implicit: 0, pageLoad: 300000, script: 30000}, unhandledPromptBehavior: dismiss and notify, webauthn:extension:credBlob: true, webauthn:extension:largeBlob: true, webauthn:virtualAuthenticators: true}
Session ID: e3f7ac4f07c52c4cab2f264fce32bde7">
      <![CDATA[org.openqa.selenium.NoSuchWindowException: no such window: target window already closed
from unknown error: web view not found
  (Session info: chrome=92.0.4515.131)
Build info: version: '3.11.0', revision: 'e59cfb3', time: '2018-03-11T20:26:55.152Z'
System info: host: 'DESKTOP-LI3EA6Q', ip: '172.16.8.159', os.name: 'Windows 10', os.arch: 'amd64', os.version: '10.0', java.version: '1.8.0_201'
Driver info: org.openqa.selenium.chrome.ChromeDriver
Capabilities {acceptInsecureCerts: false, browserName: chrome, browserVersion: 92.0.4515.131, chrome: {chromedriverVersion: 92.0.4515.43 (8c61b7e2989f2..., userDataDir: C:\Users\VERITY~1\AppData\L...}, goog:chromeOptions: {debuggerAddress: localhost:51399}, javascriptEnabled: true, networkConnectionEnabled: false, pageLoadStrategy: normal, platform: WINDOWS, platformName: WINDOWS, proxy: Proxy(), setWindowRect: true, strictFileInteractability: false, timeouts: {implicit: 0, pageLoad: 300000, script: 30000}, unhandledPromptBehavior: dismiss and notify, webauthn:extension:credBlob: true, webauthn:extension:largeBlob: true, webauthn:virtualAuthenticators: true}
Session ID: e3f7ac4f07c52c4cab2f264fce32bde7
at sun.reflect.NativeConstructorAccessorImpl.newInstance0(Native Method)
at sun.reflect.NativeConstructorAccessorImpl.newInstance(Unknown Source)
at sun.reflect.DelegatingConstructorAccessorImpl.newInstance(Unknown Source)
at java.lang.reflect.Constructor.newInstance(Unknown Source)
at org.openqa.selenium.remote.http.W3CHttpResponseCodec.createException(W3CHttpResponseCodec.java:187)
at org.openqa.selenium.remote.http.W3CHttpResponseCodec.decode(W3CHttpResponseCodec.java:122)
at org.openqa.selenium.remote.http.W3CHttpResponseCodec.decode(W3CHttpResponseCodec.java:49)
at org.openqa.selenium.remote.HttpCommandExecutor.execute(HttpCommandExecutor.java:158)
at org.openqa.selenium.remote.service.DriverCommandExecutor.execute(DriverCommandExecutor.java:83)
at org.openqa.selenium.remote.RemoteWebDriver.execute(RemoteWebDriver.java:545)
at org.openqa.selenium.remote.RemoteWebDriver.execute(RemoteWebDriver.java:602)
at org.openqa.selenium.remote.RemoteWebDriver.close(RemoteWebDriver.java:435)
at test.Test_Reporteria.FinEjecucion(Test_Reporteria.java:2569)
at sun.reflect.NativeMethodAccessorImpl.invoke0(Native Method)
at sun.reflect.NativeMethodAccessorImpl.invoke(Unknown Source)
at sun.reflect.DelegatingMethodAccessorImpl.invoke(Unknown Source)
at java.lang.reflect.Method.invoke(Unknown Source)
at org.testng.internal.MethodInvocationHelper.invokeMethod(MethodInvocationHelper.java:124)
at org.testng.internal.MethodInvocationHelper.invokeMethodConsideringTimeout(MethodInvocationHelper.java:59)
at org.testng.internal.Invoker.invokeConfigurationMethod(Invoker.java:455)
at org.testng.internal.Invoker.invokeConfigurations(Invoker.java:222)
at org.testng.internal.Invoker.invokeMethod(Invoker.java:643)
at org.testng.internal.Invoker.invokeTestMethod(Invoker.java:716)
at org.testng.internal.Invoker.invokeTestMethods(Invoker.java:988)
at org.testng.internal.TestMethodWorker.invokeTestMethods(TestMethodWorker.java:125)
at org.testng.internal.TestMethodWorker.run(TestMethodWorker.java:109)
at org.testng.TestRunner.privateRun(TestRunner.java:648)
at org.testng.TestRunner.run(TestRunner.java:505)
at org.testng.SuiteRunner.runTest(SuiteRunner.java:455)
at org.testng.SuiteRunner.runSequentially(SuiteRunner.java:450)
at org.testng.SuiteRunner.privateRun(SuiteRunner.java:415)
at org.testng.SuiteRunner.run(SuiteRunner.java:364)
at org.testng.SuiteRunnerWorker.runSuite(SuiteRunnerWorker.java:52)
at org.testng.SuiteRunnerWorker.run(SuiteRunnerWorker.java:84)
at org.testng.TestNG.runSuitesSequentially(TestNG.java:1208)
at org.testng.TestNG.runSuitesLocally(TestNG.java:1137)
at org.testng.TestNG.runSuites(TestNG.java:1049)
at org.testng.TestNG.run(TestNG.java:1017)
at org.testng.remote.AbstractRemoteTestNG.run(AbstractRemoteTestNG.java:115)
at org.testng.remote.RemoteTestNG.initAndRun(RemoteTestNG.java:251)
at org.testng.remote.RemoteTestNG.main(RemoteTestNG.java:77)
]]>
    </error>
  </testcase> <!-- FinEjecucion -->
  <testcase name="Script_01263" time="0.000" classname="test.Test_Reporteria">
    <skipped/>
  </testcase> <!-- Script_01263 -->
  <testcase name="Script_01274" time="0.000" classname="test.Test_Reporteria">
    <skipped/>
  </testcase> <!-- Script_01274 -->
  <testcase name="Script_01271" time="0.000" classname="test.Test_Reporteria">
    <skipped/>
  </testcase> <!-- Script_01271 -->
  <testcase name="Script_01268" time="0.000" classname="test.Test_Reporteria">
    <skipped/>
  </testcase> <!-- Script_01268 -->
  <testcase name="Script_01285" time="0.000" classname="test.Test_Reporteria">
    <skipped/>
  </testcase> <!-- Script_01285 -->
  <testcase name="Script_01265" time="0.000" classname="test.Test_Reporteria">
    <skipped/>
  </testcase> <!-- Script_01265 -->
  <testcase name="Script_01258" time="0.000" classname="test.Test_Reporteria">
    <skipped/>
  </testcase> <!-- Script_01258 -->
  <testcase name="Script_01264" time="0.000" classname="test.Test_Reporteria">
    <skipped/>
  </testcase> <!-- Script_01264 -->
  <testcase name="Script_01281" time="0.000" classname="test.Test_Reporteria">
    <skipped/>
  </testcase> <!-- Script_01281 -->
  <testcase name="Script_01261" time="0.000" classname="test.Test_Reporteria">
    <skipped/>
  </testcase> <!-- Script_01261 -->
  <testcase name="Script_01279" time="0.000" classname="test.Test_Reporteria">
    <skipped/>
  </testcase> <!-- Script_01279 -->
  <testcase name="Script_01277" time="0.000" classname="test.Test_Reporteria">
    <skipped/>
  </testcase> <!-- Script_01277 -->
  <testcase name="Script_01267" time="0.000" classname="test.Test_Reporteria">
    <skipped/>
  </testcase> <!-- Script_01267 -->
</testsuite> <!-- test.Test_Reporteria -->
