<?xml version="1.0" encoding="UTF-8"?>
<!-- Generated by org.testng.reporters.JUnitReportReporter -->
<<<<<<< HEAD
<testsuite hostname="VERITY-98" failures="0" tests="1" name="test.Tests_AdmInstituciones" time="59.914" errors="0" timestamp="15 abr. 2021 18:58:58 GMT" skipped="0">
  <testcase classname="test.Tests_AdmInstituciones" name="Script_0201" time="59.914"/>
=======
<testsuite hostname="LauraAndrade" failures="0" tests="2" name="test.Tests_AdmInstituciones" time="1.710" errors="1" timestamp="23 abr. 2021 15:12:55 GMT" skipped="1">
  <testcase classname="test.Tests_AdmInstituciones" name="Script_0085" time="0.000">
    <skipped/>
  </testcase> <!-- Script_0085 -->
  <testcase classname="test.Tests_AdmInstituciones" name="setUp" time="1.710">
    <error message="session not created: This version of ChromeDriver only supports Chrome version 88
Current browser version is 90.0.4430.85 with binary path C:\Program Files\Google\Chrome\Application\chrome.exe
Build info: version: &#039;3.11.0&#039;, revision: &#039;e59cfb3&#039;, time: &#039;2018-03-11T20:26:55.152Z&#039;
System info: host: &#039;LAURAANDRADE&#039;, ip: &#039;172.16.8.173&#039;, os.name: &#039;Windows 10&#039;, os.arch: &#039;amd64&#039;, os.version: &#039;10.0&#039;, java.version: &#039;15.0.2&#039;
Driver info: driver.version: ChromeDriver
remote stacktrace: Backtrace:
	GetHandleVerifier [0x0007B963+483]
	GetHandleVerifier [0x0007B941+449]
	GetHandleVerifier [0x00423308+3832712]
	GetHandleVerifier [0x0043D69A+3940122]
	GetHandleVerifier [0x00439AFB+3924859]
	GetHandleVerifier [0x00437D9C+3917340]
	GetHandleVerifier [0x0045E7FE+4075646]
	GetHandleVerifier [0x0045E56C+4074988]
	GetHandleVerifier [0x0045B2EB+4062059]
	GetHandleVerifier [0x0043ED14+3945876]
	GetHandleVerifier [0x0043FBCE+3949646]
	GetHandleVerifier [0x0043FB59+3949529]
	Ordinal0 [0x0003B5CC+46540]
	Ordinal0 [0x00039F53+40787]
	Ordinal0 [0x00039B12+39698]
	GetHandleVerifier [0x00341468+2907368]
	GetHandleVerifier [0x001871EE+1096302]
	GetHandleVerifier [0x00143E8D+821005]
	GetHandleVerifier [0x0014396B+819691]
	GetHandleVerifier [0x00143881+819457]
	GetHandleVerifier [0x0016F463+998627]
	BaseThreadInitThunk [0x766CFA29+25]
	RtlGetAppContainerNamedObjectPath [0x77D77A4E+286]
	RtlGetAppContainerNamedObjectPath [0x77D77A1E+238]
	(No symbol) [0x00000000]
" type="org.openqa.selenium.SessionNotCreatedException">
      <![CDATA[org.openqa.selenium.SessionNotCreatedException: session not created: This version of ChromeDriver only supports Chrome version 88
Current browser version is 90.0.4430.85 with binary path C:\Program Files\Google\Chrome\Application\chrome.exe
Build info: version: '3.11.0', revision: 'e59cfb3', time: '2018-03-11T20:26:55.152Z'
System info: host: 'LAURAANDRADE', ip: '172.16.8.173', os.name: 'Windows 10', os.arch: 'amd64', os.version: '10.0', java.version: '15.0.2'
Driver info: driver.version: ChromeDriver
remote stacktrace: Backtrace:
GetHandleVerifier [0x0007B963+483]
GetHandleVerifier [0x0007B941+449]
GetHandleVerifier [0x00423308+3832712]
GetHandleVerifier [0x0043D69A+3940122]
GetHandleVerifier [0x00439AFB+3924859]
GetHandleVerifier [0x00437D9C+3917340]
GetHandleVerifier [0x0045E7FE+4075646]
GetHandleVerifier [0x0045E56C+4074988]
GetHandleVerifier [0x0045B2EB+4062059]
GetHandleVerifier [0x0043ED14+3945876]
GetHandleVerifier [0x0043FBCE+3949646]
GetHandleVerifier [0x0043FB59+3949529]
Ordinal0 [0x0003B5CC+46540]
Ordinal0 [0x00039F53+40787]
Ordinal0 [0x00039B12+39698]
GetHandleVerifier [0x00341468+2907368]
GetHandleVerifier [0x001871EE+1096302]
GetHandleVerifier [0x00143E8D+821005]
GetHandleVerifier [0x0014396B+819691]
GetHandleVerifier [0x00143881+819457]
GetHandleVerifier [0x0016F463+998627]
BaseThreadInitThunk [0x766CFA29+25]
RtlGetAppContainerNamedObjectPath [0x77D77A4E+286]
RtlGetAppContainerNamedObjectPath [0x77D77A1E+238]
(No symbol) [0x00000000]

at java.base/jdk.internal.reflect.NativeConstructorAccessorImpl.newInstance0(Native Method)
at java.base/jdk.internal.reflect.NativeConstructorAccessorImpl.newInstance(NativeConstructorAccessorImpl.java:64)
at java.base/jdk.internal.reflect.DelegatingConstructorAccessorImpl.newInstance(DelegatingConstructorAccessorImpl.java:45)
at java.base/java.lang.reflect.Constructor.newInstanceWithCaller(Constructor.java:500)
at java.base/java.lang.reflect.Constructor.newInstance(Constructor.java:481)
at org.openqa.selenium.remote.W3CHandshakeResponse.lambda$new$0(W3CHandshakeResponse.java:57)
at org.openqa.selenium.remote.W3CHandshakeResponse.lambda$getResponseFunction$2(W3CHandshakeResponse.java:104)
at org.openqa.selenium.remote.ProtocolHandshake.lambda$createSession$0(ProtocolHandshake.java:123)
at java.base/java.util.stream.ReferencePipeline$3$1.accept(ReferencePipeline.java:195)
at java.base/java.util.Spliterators$ArraySpliterator.tryAdvance(Spliterators.java:958)
at java.base/java.util.stream.ReferencePipeline.forEachWithCancel(ReferencePipeline.java:127)
at java.base/java.util.stream.AbstractPipeline.copyIntoWithCancel(AbstractPipeline.java:502)
at java.base/java.util.stream.AbstractPipeline.copyInto(AbstractPipeline.java:488)
at java.base/java.util.stream.AbstractPipeline.wrapAndCopyInto(AbstractPipeline.java:474)
at java.base/java.util.stream.FindOps$FindOp.evaluateSequential(FindOps.java:150)
at java.base/java.util.stream.AbstractPipeline.evaluate(AbstractPipeline.java:234)
at java.base/java.util.stream.ReferencePipeline.findFirst(ReferencePipeline.java:543)
at org.openqa.selenium.remote.ProtocolHandshake.createSession(ProtocolHandshake.java:126)
at org.openqa.selenium.remote.ProtocolHandshake.createSession(ProtocolHandshake.java:73)
at org.openqa.selenium.remote.HttpCommandExecutor.execute(HttpCommandExecutor.java:136)
at org.openqa.selenium.remote.service.DriverCommandExecutor.execute(DriverCommandExecutor.java:83)
at org.openqa.selenium.remote.RemoteWebDriver.execute(RemoteWebDriver.java:545)
at org.openqa.selenium.remote.RemoteWebDriver.startSession(RemoteWebDriver.java:209)
at org.openqa.selenium.remote.RemoteWebDriver.<init>(RemoteWebDriver.java:132)
at org.openqa.selenium.chrome.ChromeDriver.<init>(ChromeDriver.java:181)
at org.openqa.selenium.chrome.ChromeDriver.<init>(ChromeDriver.java:168)
at org.openqa.selenium.chrome.ChromeDriver.<init>(ChromeDriver.java:123)
at test.Tests_AdmInstituciones.setUp(Tests_AdmInstituciones.java:32)
at java.base/jdk.internal.reflect.NativeMethodAccessorImpl.invoke0(Native Method)
at java.base/jdk.internal.reflect.NativeMethodAccessorImpl.invoke(NativeMethodAccessorImpl.java:64)
at java.base/jdk.internal.reflect.DelegatingMethodAccessorImpl.invoke(DelegatingMethodAccessorImpl.java:43)
at java.base/java.lang.reflect.Method.invoke(Method.java:564)
at org.testng.internal.MethodInvocationHelper.invokeMethod(MethodInvocationHelper.java:124)
at org.testng.internal.MethodInvocationHelper.invokeMethodConsideringTimeout(MethodInvocationHelper.java:59)
at org.testng.internal.Invoker.invokeConfigurationMethod(Invoker.java:455)
at org.testng.internal.Invoker.invokeConfigurations(Invoker.java:222)
at org.testng.internal.Invoker.invokeMethod(Invoker.java:520)
at org.testng.internal.Invoker.invokeTestMethod(Invoker.java:716)
at org.testng.internal.Invoker.invokeTestMethods(Invoker.java:988)
at org.testng.internal.TestMethodWorker.invokeTestMethods(TestMethodWorker.java:125)
at org.testng.internal.TestMethodWorker.run(TestMethodWorker.java:109)
at org.testng.TestRunner.privateRun(TestRunner.java:648)
at org.testng.TestRunner.run(TestRunner.java:505)
at org.testng.SuiteRunner.runTest(SuiteRunner.java:455)
at org.testng.SuiteRunner.runSequentially(SuiteRunner.java:450)
at org.testng.SuiteRunner.privateRun(SuiteRunner.java:415)
at org.testng.SuiteRunner.run(SuiteRunner.java:364)
at org.testng.SuiteRunnerWorker.runSuite(SuiteRunnerWorker.java:52)
at org.testng.SuiteRunnerWorker.run(SuiteRunnerWorker.java:84)
at org.testng.TestNG.runSuitesSequentially(TestNG.java:1208)
at org.testng.TestNG.runSuitesLocally(TestNG.java:1137)
at org.testng.TestNG.runSuites(TestNG.java:1049)
at org.testng.TestNG.run(TestNG.java:1017)
at org.testng.remote.AbstractRemoteTestNG.run(AbstractRemoteTestNG.java:115)
at org.testng.remote.RemoteTestNG.initAndRun(RemoteTestNG.java:251)
at org.testng.remote.RemoteTestNG.main(RemoteTestNG.java:77)
]]>
    </error>
  </testcase> <!-- setUp -->
>>>>>>> ramaSebastian
</testsuite> <!-- test.Tests_AdmInstituciones -->
