<?xml version="1.0" encoding="UTF-8"?>
<!-- Generated by org.testng.reporters.JUnitReportReporter -->
<testsuite skipped="1" hostname="DESKTOP-LI3EA6Q" name="test.Test_MiPortal2" tests="2" failures="0" timestamp="02 ago 2021 14:54:56 GMT" time="1.913" errors="1">
  <testcase name="Script_1059" time="0.000" classname="test.Test_MiPortal2">
    <skipped/>
  </testcase> <!-- Script_1059 -->
  <testcase name="setUp" time="1.913" classname="test.Test_MiPortal2">
    <error type="org.openqa.selenium.SessionNotCreatedException" message="session not created: This version of ChromeDriver only supports Chrome version 90
Current browser version is 92.0.4515.107 with binary path C:\Program Files (x86)\Google\Chrome\Application\chrome.exe
Build info: version: &#039;3.11.0&#039;, revision: &#039;e59cfb3&#039;, time: &#039;2018-03-11T20:26:55.152Z&#039;
System info: host: &#039;DESKTOP-LI3EA6Q&#039;, ip: &#039;192.168.2.103&#039;, os.name: &#039;Windows 10&#039;, os.arch: &#039;amd64&#039;, os.version: &#039;10.0&#039;, java.version: &#039;1.8.0_201&#039;
Driver info: driver.version: ChromeDriver
remote stacktrace: Backtrace:
	Ordinal0 [0x0044C013+2474003]
	Ordinal0 [0x003E29C1+2042305]
	Ordinal0 [0x002F2F68+1060712]
	Ordinal0 [0x0031188E+1185934]
	Ordinal0 [0x0030D600+1168896]
	Ordinal0 [0x0030AA83+1157763]
	Ordinal0 [0x0033A2A2+1352354]
	Ordinal0 [0x00338FAA+1347498]
	Ordinal0 [0x003366DB+1337051]
	Ordinal0 [0x00313427+1192999]
	Ordinal0 [0x003142EE+1196782]
	Ordinal0 [0x00314279+1196665]
	GetHandleVerifier [0x005D96FC+1590332]
	GetHandleVerifier [0x00688614+2306900]
	GetHandleVerifier [0x004D9E93+543699]
	GetHandleVerifier [0x004D92CE+540686]
	Ordinal0 [0x003E86BA+2066106]
	Ordinal0 [0x003ED1C8+2085320]
	Ordinal0 [0x003ED308+2085640]
	Ordinal0 [0x003F67F3+2123763]
	BaseThreadInitThunk [0x7640FA29+25]
	RtlGetAppContainerNamedObjectPath [0x77A17A7E+286]
	RtlGetAppContainerNamedObjectPath [0x77A17A4E+238]
">
      <![CDATA[org.openqa.selenium.SessionNotCreatedException: session not created: This version of ChromeDriver only supports Chrome version 90
Current browser version is 92.0.4515.107 with binary path C:\Program Files (x86)\Google\Chrome\Application\chrome.exe
Build info: version: '3.11.0', revision: 'e59cfb3', time: '2018-03-11T20:26:55.152Z'
System info: host: 'DESKTOP-LI3EA6Q', ip: '192.168.2.103', os.name: 'Windows 10', os.arch: 'amd64', os.version: '10.0', java.version: '1.8.0_201'
Driver info: driver.version: ChromeDriver
remote stacktrace: Backtrace:
Ordinal0 [0x0044C013+2474003]
Ordinal0 [0x003E29C1+2042305]
Ordinal0 [0x002F2F68+1060712]
Ordinal0 [0x0031188E+1185934]
Ordinal0 [0x0030D600+1168896]
Ordinal0 [0x0030AA83+1157763]
Ordinal0 [0x0033A2A2+1352354]
Ordinal0 [0x00338FAA+1347498]
Ordinal0 [0x003366DB+1337051]
Ordinal0 [0x00313427+1192999]
Ordinal0 [0x003142EE+1196782]
Ordinal0 [0x00314279+1196665]
GetHandleVerifier [0x005D96FC+1590332]
GetHandleVerifier [0x00688614+2306900]
GetHandleVerifier [0x004D9E93+543699]
GetHandleVerifier [0x004D92CE+540686]
Ordinal0 [0x003E86BA+2066106]
Ordinal0 [0x003ED1C8+2085320]
Ordinal0 [0x003ED308+2085640]
Ordinal0 [0x003F67F3+2123763]
BaseThreadInitThunk [0x7640FA29+25]
RtlGetAppContainerNamedObjectPath [0x77A17A7E+286]
RtlGetAppContainerNamedObjectPath [0x77A17A4E+238]

at sun.reflect.NativeConstructorAccessorImpl.newInstance0(Native Method)
at sun.reflect.NativeConstructorAccessorImpl.newInstance(Unknown Source)
at sun.reflect.DelegatingConstructorAccessorImpl.newInstance(Unknown Source)
at java.lang.reflect.Constructor.newInstance(Unknown Source)
at org.openqa.selenium.remote.W3CHandshakeResponse.lambda$new$0(W3CHandshakeResponse.java:57)
at org.openqa.selenium.remote.W3CHandshakeResponse.lambda$getResponseFunction$2(W3CHandshakeResponse.java:104)
at org.openqa.selenium.remote.ProtocolHandshake.lambda$createSession$0(ProtocolHandshake.java:123)
at java.util.stream.ReferencePipeline$3$1.accept(Unknown Source)
at java.util.Spliterators$ArraySpliterator.tryAdvance(Unknown Source)
at java.util.stream.ReferencePipeline.forEachWithCancel(Unknown Source)
at java.util.stream.AbstractPipeline.copyIntoWithCancel(Unknown Source)
at java.util.stream.AbstractPipeline.copyInto(Unknown Source)
at java.util.stream.AbstractPipeline.wrapAndCopyInto(Unknown Source)
at java.util.stream.FindOps$FindOp.evaluateSequential(Unknown Source)
at java.util.stream.AbstractPipeline.evaluate(Unknown Source)
at java.util.stream.ReferencePipeline.findFirst(Unknown Source)
at org.openqa.selenium.remote.ProtocolHandshake.createSession(ProtocolHandshake.java:126)
at org.openqa.selenium.remote.ProtocolHandshake.createSession(ProtocolHandshake.java:73)
at org.openqa.selenium.remote.HttpCommandExecutor.execute(HttpCommandExecutor.java:136)
at org.openqa.selenium.remote.service.DriverCommandExecutor.execute(DriverCommandExecutor.java:83)
at org.openqa.selenium.remote.RemoteWebDriver.execute(RemoteWebDriver.java:545)
at org.openqa.selenium.remote.RemoteWebDriver.startSession(RemoteWebDriver.java:209)
at org.openqa.selenium.remote.RemoteWebDriver.<init>(RemoteWebDriver.java:132)
at org.openqa.selenium.chrome.ChromeDriver.<init>(ChromeDriver.java:181)
at org.openqa.selenium.chrome.ChromeDriver.<init>(ChromeDriver.java:168)
at org.openqa.selenium.chrome.ChromeDriver.<init>(ChromeDriver.java:157)
at test.Test_MiPortal2.setUp(Test_MiPortal2.java:55)
at sun.reflect.NativeMethodAccessorImpl.invoke0(Native Method)
at sun.reflect.NativeMethodAccessorImpl.invoke(Unknown Source)
at sun.reflect.DelegatingMethodAccessorImpl.invoke(Unknown Source)
at java.lang.reflect.Method.invoke(Unknown Source)
at org.testng.internal.MethodInvocationHelper.invokeMethod(MethodInvocationHelper.java:124)
at org.testng.internal.MethodInvocationHelper.invokeMethodConsideringTimeout(MethodInvocationHelper.java:59)
at org.testng.internal.Invoker.invokeConfigurationMethod(Invoker.java:455)
at org.testng.internal.Invoker.invokeConfigurations(Invoker.java:222)
at org.testng.internal.Invoker.invokeMethod(Invoker.java:520)
at org.testng.internal.Invoker.invokeTestMethod(Invoker.java:716)
at org.testng.internal.Invoker.invokeTestMethods(Invoker.java:988)
at org.testng.internal.TestMethodWorker.invokeTestMethods(TestMethodWorker.java:125)
at org.testng.internal.TestMethodWorker.run(TestMethodWorker.java:109)
at org.testng.TestRunner.privateRun(TestRunner.java:648)
at org.testng.TestRunner.run(TestRunner.java:505)
at org.testng.SuiteRunner.runTest(SuiteRunner.java:455)
at org.testng.SuiteRunner.runSequentially(SuiteRunner.java:450)
at org.testng.SuiteRunner.privateRun(SuiteRunner.java:415)
at org.testng.SuiteRunner.run(SuiteRunner.java:364)
at org.testng.SuiteRunnerWorker.runSuite(SuiteRunnerWorker.java:52)
at org.testng.SuiteRunnerWorker.run(SuiteRunnerWorker.java:84)
at org.testng.TestNG.runSuitesSequentially(TestNG.java:1208)
at org.testng.TestNG.runSuitesLocally(TestNG.java:1137)
at org.testng.TestNG.runSuites(TestNG.java:1049)
at org.testng.TestNG.run(TestNG.java:1017)
at org.testng.remote.AbstractRemoteTestNG.run(AbstractRemoteTestNG.java:115)
at org.testng.remote.RemoteTestNG.initAndRun(RemoteTestNG.java:251)
at org.testng.remote.RemoteTestNG.main(RemoteTestNG.java:77)
]]>
    </error>
  </testcase> <!-- setUp -->
</testsuite> <!-- test.Test_MiPortal2 -->
